Compiling the C compiler identification source file "CMakeCCompilerId.c" failed.
Compiler: /Applications/Xcode.app/Contents/Developer/Toolchains/XcodeDefault.xctoolchain/usr/bin/cc 
Build flags: 
Id flags:  

The output was:
1
ld: library not found for -lSystem
clang: error: linker command failed with exit code 1 (use -v to see invocation)


Determining if the include file windows.h exists failed with the following output:
Change Dir: /Users/jesse0x90/Documents/code/projects/pcre2/build/CMakeFiles/CMakeTmp

Run Build Command(s):/usr/bin/make -f Makefile cmTC_2a927/fast && /Applications/Xcode.app/Contents/Developer/usr/bin/make  -f CMakeFiles/cmTC_2a927.dir/build.make CMakeFiles/cmTC_2a927.dir/build
Building C object CMakeFiles/cmTC_2a927.dir/CheckIncludeFile.c.o
/Applications/Xcode.app/Contents/Developer/Toolchains/XcodeDefault.xctoolchain/usr/bin/cc   -isysroot /Applications/Xcode.app/Contents/Developer/Platforms/MacOSX.platform/Developer/SDKs/MacOSX12.3.sdk -mmacosx-version-min=12.0 -MD -MT CMakeFiles/cmTC_2a927.dir/CheckIncludeFile.c.o -MF CMakeFiles/cmTC_2a927.dir/CheckIncludeFile.c.o.d -o CMakeFiles/cmTC_2a927.dir/CheckIncludeFile.c.o -c /Users/jesse0x90/Documents/code/projects/pcre2/build/CMakeFiles/CMakeTmp/CheckIncludeFile.c
/Users/jesse0x90/Documents/code/projects/pcre2/build/CMakeFiles/CMakeTmp/CheckIncludeFile.c:1:10: fatal error: 'windows.h' file not found
#include <windows.h>
         ^~~~~~~~~~~
1 error generated.
make[1]: *** [CMakeFiles/cmTC_2a927.dir/CheckIncludeFile.c.o] Error 1
make: *** [cmTC_2a927/fast] Error 2



Determining if the memfd_create exist failed with the following output:
Change Dir: /Users/jesse0x90/Documents/code/projects/pcre2/build/CMakeFiles/CMakeTmp

Run Build Command(s):/usr/bin/make -f Makefile cmTC_a6f9b/fast && /Applications/Xcode.app/Contents/Developer/usr/bin/make  -f CMakeFiles/cmTC_a6f9b.dir/build.make CMakeFiles/cmTC_a6f9b.dir/build
Building C object CMakeFiles/cmTC_a6f9b.dir/CheckSymbolExists.c.o
/Applications/Xcode.app/Contents/Developer/Toolchains/XcodeDefault.xctoolchain/usr/bin/cc   -isysroot /Applications/Xcode.app/Contents/Developer/Platforms/MacOSX.platform/Developer/SDKs/MacOSX12.3.sdk -mmacosx-version-min=12.0 -MD -MT CMakeFiles/cmTC_a6f9b.dir/CheckSymbolExists.c.o -MF CMakeFiles/cmTC_a6f9b.dir/CheckSymbolExists.c.o.d -o CMakeFiles/cmTC_a6f9b.dir/CheckSymbolExists.c.o -c /Users/jesse0x90/Documents/code/projects/pcre2/build/CMakeFiles/CMakeTmp/CheckSymbolExists.c
/Users/jesse0x90/Documents/code/projects/pcre2/build/CMakeFiles/CMakeTmp/CheckSymbolExists.c:8:19: error: use of undeclared identifier 'memfd_create'
  return ((int*)(&memfd_create))[argc];
                  ^
1 error generated.
make[1]: *** [CMakeFiles/cmTC_a6f9b.dir/CheckSymbolExists.c.o] Error 1
make: *** [cmTC_a6f9b/fast] Error 2


File /Users/jesse0x90/Documents/code/projects/pcre2/build/CMakeFiles/CMakeTmp/CheckSymbolExists.c:
/* */
#include <sys/mman.h>

int main(int argc, char** argv)
{
  (void)argv;
#ifndef memfd_create
  return ((int*)(&memfd_create))[argc];
#else
  (void)argc;
  return 0;
#endif
}
Determining if the secure_getenv exist failed with the following output:
Change Dir: /Users/jesse0x90/Documents/code/projects/pcre2/build/CMakeFiles/CMakeTmp

Run Build Command(s):/usr/bin/make -f Makefile cmTC_a89fb/fast && /Applications/Xcode.app/Contents/Developer/usr/bin/make  -f CMakeFiles/cmTC_a89fb.dir/build.make CMakeFiles/cmTC_a89fb.dir/build
Building C object CMakeFiles/cmTC_a89fb.dir/CheckSymbolExists.c.o
/Applications/Xcode.app/Contents/Developer/Toolchains/XcodeDefault.xctoolchain/usr/bin/cc   -isysroot /Applications/Xcode.app/Contents/Developer/Platforms/MacOSX.platform/Developer/SDKs/MacOSX12.3.sdk -mmacosx-version-min=12.0 -MD -MT CMakeFiles/cmTC_a89fb.dir/CheckSymbolExists.c.o -MF CMakeFiles/cmTC_a89fb.dir/CheckSymbolExists.c.o.d -o CMakeFiles/cmTC_a89fb.dir/CheckSymbolExists.c.o -c /Users/jesse0x90/Documents/code/projects/pcre2/build/CMakeFiles/CMakeTmp/CheckSymbolExists.c
/Users/jesse0x90/Documents/code/projects/pcre2/build/CMakeFiles/CMakeTmp/CheckSymbolExists.c:8:19: error: use of undeclared identifier 'secure_getenv'
  return ((int*)(&secure_getenv))[argc];
                  ^
1 error generated.
make[1]: *** [CMakeFiles/cmTC_a89fb.dir/CheckSymbolExists.c.o] Error 1
make: *** [cmTC_a89fb/fast] Error 2


File /Users/jesse0x90/Documents/code/projects/pcre2/build/CMakeFiles/CMakeTmp/CheckSymbolExists.c:
/* */
#include <stdlib.h>

int main(int argc, char** argv)
{
  (void)argv;
#ifndef secure_getenv
  return ((int*)(&secure_getenv))[argc];
#else
  (void)argc;
  return 0;
#endif
}
Performing C SOURCE FILE Test INTEL_CET_ENABLED failed with the following output:
Change Dir: /Users/jesse0x90/Documents/code/projects/pcre2/build/CMakeFiles/CMakeTmp

Run Build Command(s):/usr/bin/make -f Makefile cmTC_ca6cb/fast && /Applications/Xcode.app/Contents/Developer/usr/bin/make  -f CMakeFiles/cmTC_ca6cb.dir/build.make CMakeFiles/cmTC_ca6cb.dir/build
Building C object CMakeFiles/cmTC_ca6cb.dir/src.c.o
/Applications/Xcode.app/Contents/Developer/Toolchains/XcodeDefault.xctoolchain/usr/bin/cc -DINTEL_CET_ENABLED  -isysroot /Applications/Xcode.app/Contents/Developer/Platforms/MacOSX.platform/Developer/SDKs/MacOSX12.3.sdk -mmacosx-version-min=12.0 -MD -MT CMakeFiles/cmTC_ca6cb.dir/src.c.o -MF CMakeFiles/cmTC_ca6cb.dir/src.c.o.d -o CMakeFiles/cmTC_ca6cb.dir/src.c.o -c /Users/jesse0x90/Documents/code/projects/pcre2/build/CMakeFiles/CMakeTmp/src.c
/Users/jesse0x90/Documents/code/projects/pcre2/build/CMakeFiles/CMakeTmp/src.c:2:5: error: CET is not enabled
   #error CET is not enabled
    ^
1 error generated.
make[1]: *** [CMakeFiles/cmTC_ca6cb.dir/src.c.o] Error 1
make: *** [cmTC_ca6cb/fast] Error 2


Source file was:
#ifndef __CET__
   #error CET is not enabled
   #endif
   int main() { return 0; }
